<?xml version="1.0" encoding="UTF-8"?>
<!-- Generated by org.testng.reporters.JUnitReportReporter -->
<testsuite hostname="ashdyani-Aspire-5349" name="za.ac.cput.AshDyani.repository.TestMedicationRepository" tests="4" failures="0" timestamp="20 May 2015 00:36:31 GMT" time="0.209" errors="0">
  <testcase name="testDelete" time="0.056" classname="za.ac.cput.AshDyani.repository.TestMedicationRepository"/>
  <testcase name="testUpdate" time="0.037" classname="za.ac.cput.AshDyani.repository.TestMedicationRepository"/>
  <testcase name="testRead" time="0.040" classname="za.ac.cput.AshDyani.repository.TestMedicationRepository"/>
  <testcase name="testCreate" time="0.076" classname="za.ac.cput.AshDyani.repository.TestMedicationRepository"/>
</testsuite> <!-- za.ac.cput.AshDyani.repository.TestMedicationRepository -->
