<?xml version="1.0" encoding="UTF-8"?>
<!-- Generated by org.testng.reporters.JUnitReportReporter -->
<testsuite hostname="ashdyani-Aspire-5349" name="za.ac.cput.AshDyani.repository.TestPetRepository" tests="4" failures="0" timestamp="20 May 2015 00:36:31 GMT" time="0.175" errors="0">
  <testcase name="testRead" time="0.014" classname="za.ac.cput.AshDyani.repository.TestPetRepository"/>
  <testcase name="testCreate" time="0.061" classname="za.ac.cput.AshDyani.repository.TestPetRepository"/>
  <testcase name="testUpdate" time="0.010" classname="za.ac.cput.AshDyani.repository.TestPetRepository"/>
  <testcase name="testDelete" time="0.090" classname="za.ac.cput.AshDyani.repository.TestPetRepository"/>
</testsuite> <!-- za.ac.cput.AshDyani.repository.TestPetRepository -->
