<?xml version="1.0" encoding="UTF-8"?>
<!-- Generated by org.testng.reporters.JUnitReportReporter -->
<testsuite hostname="ashdyani-Aspire-5349" name="za.ac.cput.AshDyani.repository.TestBookingRepository" tests="4" failures="0" timestamp="20 May 2015 00:36:31 GMT" time="0.310" errors="0">
  <testcase name="testCreate" time="0.074" classname="za.ac.cput.AshDyani.repository.TestBookingRepository"/>
  <testcase name="testUpdate" time="0.021" classname="za.ac.cput.AshDyani.repository.TestBookingRepository"/>
  <testcase name="testDelete" time="0.149" classname="za.ac.cput.AshDyani.repository.TestBookingRepository"/>
  <testcase name="testRead" time="0.066" classname="za.ac.cput.AshDyani.repository.TestBookingRepository"/>
</testsuite> <!-- za.ac.cput.AshDyani.repository.TestBookingRepository -->
