<?xml version="1.0" encoding="UTF-8"?>
<!-- Generated by org.testng.reporters.JUnitReportReporter -->
<testsuite hostname="ashdyani-Aspire-5349" name="za.ac.cput.AshDyani.repository.TestServiceRepository" tests="4" failures="0" timestamp="20 May 2015 00:36:31 GMT" time="0.160" errors="0">
  <testcase name="testRead" time="0.013" classname="za.ac.cput.AshDyani.repository.TestServiceRepository"/>
  <testcase name="testDelete" time="0.055" classname="za.ac.cput.AshDyani.repository.TestServiceRepository"/>
  <testcase name="testUpdate" time="0.019" classname="za.ac.cput.AshDyani.repository.TestServiceRepository"/>
  <testcase name="testCreate" time="0.073" classname="za.ac.cput.AshDyani.repository.TestServiceRepository"/>
</testsuite> <!-- za.ac.cput.AshDyani.repository.TestServiceRepository -->
