<?xml version="1.0" encoding="UTF-8"?>
<!-- Generated by org.testng.reporters.JUnitReportReporter -->
<testsuite hostname="ashdyani-Aspire-5349" name="za.ac.cput.AshDyani.services.PetServicesTest" tests="1" failures="0" timestamp="20 May 2015 00:36:31 GMT" time="0.050" errors="0">
  <testcase name="testCreate" time="0.050" classname="za.ac.cput.AshDyani.services.PetServicesTest"/>
</testsuite> <!-- za.ac.cput.AshDyani.services.PetServicesTest -->
