<?xml version="1.0" encoding="UTF-8"?>
<!-- Generated by org.testng.reporters.JUnitReportReporter -->
<testsuite hostname="ashdyani-Aspire-5349" name="za.ac.cput.AshDyani.repository.TestDoctorRepository" tests="4" failures="0" timestamp="20 May 2015 00:36:31 GMT" time="0.488" errors="0">
  <testcase name="testRead" time="0.009" classname="za.ac.cput.AshDyani.repository.TestDoctorRepository"/>
  <testcase name="testCreate" time="0.402" classname="za.ac.cput.AshDyani.repository.TestDoctorRepository"/>
  <testcase name="testDelete" time="0.067" classname="za.ac.cput.AshDyani.repository.TestDoctorRepository"/>
  <testcase name="testUpdate" time="0.010" classname="za.ac.cput.AshDyani.repository.TestDoctorRepository"/>
</testsuite> <!-- za.ac.cput.AshDyani.repository.TestDoctorRepository -->
