<?xml version="1.0" encoding="UTF-8"?>
<!-- Generated by org.testng.reporters.JUnitReportReporter -->
<testsuite hostname="ashdyani-Aspire-5349" name="za.ac.cput.AshDyani.services.CustomerServiceTest" tests="1" failures="0" timestamp="20 May 2015 00:36:31 GMT" time="0.059" errors="0">
  <testcase name="create" time="0.059" classname="za.ac.cput.AshDyani.services.CustomerServiceTest"/>
</testsuite> <!-- za.ac.cput.AshDyani.services.CustomerServiceTest -->
