<?xml version="1.0" encoding="UTF-8"?>
<!-- Generated by org.testng.reporters.JUnitReportReporter -->
<testsuite hostname="ashdyani-Aspire-5349" name="za.ac.cput.AshDyani.repository.TestPrescriptionRepository" tests="4" failures="0" timestamp="20 May 2015 00:36:31 GMT" time="0.150" errors="0">
  <testcase name="testUpdate" time="0.014" classname="za.ac.cput.AshDyani.repository.TestPrescriptionRepository"/>
  <testcase name="testCreate" time="0.060" classname="za.ac.cput.AshDyani.repository.TestPrescriptionRepository"/>
  <testcase name="testRead" time="0.020" classname="za.ac.cput.AshDyani.repository.TestPrescriptionRepository"/>
  <testcase name="testDelete" time="0.056" classname="za.ac.cput.AshDyani.repository.TestPrescriptionRepository"/>
</testsuite> <!-- za.ac.cput.AshDyani.repository.TestPrescriptionRepository -->
