<?xml version="1.0" encoding="UTF-8"?>
<!-- Generated by org.testng.reporters.JUnitReportReporter -->
<testsuite hostname="ashdyani-Aspire-5349" name="za.ac.cput.AshDyani.repository.TestCustomerRepository" tests="4" failures="0" timestamp="20 May 2015 00:36:31 GMT" time="0.252" errors="0">
  <testcase name="testUpdate" time="0.050" classname="za.ac.cput.AshDyani.repository.TestCustomerRepository"/>
  <testcase name="testDelete" time="0.098" classname="za.ac.cput.AshDyani.repository.TestCustomerRepository"/>
  <testcase name="testCreate" time="0.052" classname="za.ac.cput.AshDyani.repository.TestCustomerRepository"/>
  <testcase name="testRead" time="0.052" classname="za.ac.cput.AshDyani.repository.TestCustomerRepository"/>
</testsuite> <!-- za.ac.cput.AshDyani.repository.TestCustomerRepository -->
