<?xml version="1.0" encoding="UTF-8"?>
<!-- Generated by org.testng.reporters.JUnitReportReporter -->
<testsuite hostname="ashdyani-Aspire-5349" name="za.ac.cput.AshDyani.repository.TestPrescription_LineRepository" tests="4" failures="0" timestamp="20 May 2015 00:36:31 GMT" time="0.276" errors="0">
  <testcase name="testDelete" time="0.098" classname="za.ac.cput.AshDyani.repository.TestPrescription_LineRepository"/>
  <testcase name="testUpdate" time="0.084" classname="za.ac.cput.AshDyani.repository.TestPrescription_LineRepository"/>
  <testcase name="testCreate" time="0.078" classname="za.ac.cput.AshDyani.repository.TestPrescription_LineRepository"/>
  <testcase name="testRead" time="0.016" classname="za.ac.cput.AshDyani.repository.TestPrescription_LineRepository"/>
</testsuite> <!-- za.ac.cput.AshDyani.repository.TestPrescription_LineRepository -->
