<?xml version="1.0" encoding="UTF-8"?>
<!-- Generated by org.testng.reporters.JUnitReportReporter -->
<testsuite hostname="ashdyani-Aspire-5349" name="za.ac.cput.AshDyani.repository.TestEmployeeRepository" tests="4" failures="0" timestamp="20 May 2015 00:36:31 GMT" time="0.902" errors="0">
  <testcase name="testDelete" time="0.088" classname="za.ac.cput.AshDyani.repository.TestEmployeeRepository"/>
  <testcase name="testCreate" time="0.772" classname="za.ac.cput.AshDyani.repository.TestEmployeeRepository"/>
  <testcase name="testUpdate" time="0.011" classname="za.ac.cput.AshDyani.repository.TestEmployeeRepository"/>
  <testcase name="testRead" time="0.031" classname="za.ac.cput.AshDyani.repository.TestEmployeeRepository"/>
</testsuite> <!-- za.ac.cput.AshDyani.repository.TestEmployeeRepository -->
