<?xml version="1.0" encoding="UTF-8" ?>
<testsuite tests="50" failures="0" name="TestSuite" time="22.713" errors="0" skipped="0">
  <properties>
    <property name="java.runtime.name" value="Java(TM) SE Runtime Environment"/>
    <property name="sun.boot.library.path" value="/usr/lib/java/jdk1.8.0_45/jre/lib/i386"/>
    <property name="java.vm.version" value="25.45-b02"/>
    <property name="java.vm.vendor" value="Oracle Corporation"/>
    <property name="java.vendor.url" value="http://java.oracle.com/"/>
    <property name="path.separator" value=":"/>
    <property name="guice.disable.misplaced.annotation.check" value="true"/>
    <property name="java.vm.name" value="Java HotSpot(TM) Server VM"/>
    <property name="file.encoding.pkg" value="sun.io"/>
    <property name="user.country" value="ZA"/>
    <property name="sun.java.launcher" value="SUN_STANDARD"/>
    <property name="sun.os.patch.level" value="unknown"/>
    <property name="java.vm.specification.name" value="Java Virtual Machine Specification"/>
    <property name="user.dir" value="/home/ashdyani/Desktop/MyProjects/R/Chapter6.1Assignment/VetShopApp_Chapt6.1"/>
    <property name="java.runtime.version" value="1.8.0_45-b14"/>
    <property name="java.awt.graphicsenv" value="sun.awt.X11GraphicsEnvironment"/>
    <property name="java.endorsed.dirs" value="/usr/lib/java/jdk1.8.0_45/jre/lib/endorsed"/>
    <property name="os.arch" value="i386"/>
    <property name="java.io.tmpdir" value="/tmp"/>
    <property name="line.separator" value="
"/>
    <property name="java.vm.specification.vendor" value="Oracle Corporation"/>
    <property name="os.name" value="Linux"/>
    <property name="classworlds.conf" value="/usr/share/maven/bin/m2.conf"/>
    <property name="sun.jnu.encoding" value="UTF-8"/>
    <property name="java.library.path" value="/usr/java/packages/lib/i386:/lib:/usr/lib"/>
    <property name="java.specification.name" value="Java Platform API Specification"/>
    <property name="java.class.version" value="52.0"/>
    <property name="sun.management.compiler" value="HotSpot Tiered Compilers"/>
    <property name="os.version" value="3.13.0-37-generic"/>
    <property name="user.home" value="/home/ashdyani"/>
    <property name="user.timezone" value="Africa/Johannesburg"/>
    <property name="java.awt.printerjob" value="sun.print.PSPrinterJob"/>
    <property name="file.encoding" value="UTF-8"/>
    <property name="java.specification.version" value="1.8"/>
    <property name="user.name" value="ashdyani"/>
    <property name="java.class.path" value="/usr/share/maven/boot/plexus-classworlds-2.x.jar"/>
    <property name="java.vm.specification.version" value="1.8"/>
    <property name="sun.arch.data.model" value="32"/>
    <property name="java.home" value="/usr/lib/java/jdk1.8.0_45/jre"/>
    <property name="sun.java.command" value="org.codehaus.plexus.classworlds.launcher.Launcher test"/>
    <property name="java.specification.vendor" value="Oracle Corporation"/>
    <property name="user.language" value="en"/>
    <property name="awt.toolkit" value="sun.awt.X11.XToolkit"/>
    <property name="java.vm.info" value="mixed mode"/>
    <property name="java.version" value="1.8.0_45"/>
    <property name="java.ext.dirs" value="/usr/lib/java/jdk1.8.0_45/jre/lib/ext:/usr/java/packages/lib/ext"/>
    <property name="securerandom.source" value="file:/dev/./urandom"/>
    <property name="sun.boot.class.path" value="/usr/lib/java/jdk1.8.0_45/jre/lib/resources.jar:/usr/lib/java/jdk1.8.0_45/jre/lib/rt.jar:/usr/lib/java/jdk1.8.0_45/jre/lib/sunrsasign.jar:/usr/lib/java/jdk1.8.0_45/jre/lib/jsse.jar:/usr/lib/java/jdk1.8.0_45/jre/lib/jce.jar:/usr/lib/java/jdk1.8.0_45/jre/lib/charsets.jar:/usr/lib/java/jdk1.8.0_45/jre/lib/jfr.jar:/usr/lib/java/jdk1.8.0_45/jre/classes"/>
    <property name="java.vendor" value="Oracle Corporation"/>
    <property name="maven.home" value="/usr/share/maven"/>
    <property name="file.separator" value="/"/>
    <property name="java.vendor.url.bug" value="http://bugreport.sun.com/bugreport/"/>
    <property name="sun.cpu.endian" value="little"/>
    <property name="sun.io.unicode.encoding" value="UnicodeLittle"/>
    <property name="sun.desktop" value="gnome"/>
    <property name="sun.cpu.isalist" value=""/>
  </properties>
  <testcase classname="za.ac.cput.AshDyani.services.BookingServiceTest" name="create" time="0.261"/>
  <testcase classname="za.ac.cput.AshDyani.services.CustomerServiceTest" name="create" time="0.045"/>
  <testcase classname="za.ac.cput.AshDyani.services.DoctorServiceTest" name="create" time="0.146"/>
  <testcase classname="za.ac.cput.AshDyani.services.EmployeeServiceTest" name="testCreate" time="0.094"/>
  <testcase classname="za.ac.cput.AshDyani.services.InvoiceServiceTest" name="testCreate" time="0.046"/>
  <testcase classname="za.ac.cput.AshDyani.services.MedicationServiceTest" name="create" time="0.072"/>
  <testcase classname="za.ac.cput.AshDyani.services.PetServicesTest" name="testCreate" time="0.05"/>
  <testcase classname="za.ac.cput.AshDyani.services.PrescriptionServiceTest" name="create" time="0.07"/>
  <testcase classname="za.ac.cput.AshDyani.services.ServicesServiceTest" name="create" time="0.049"/>
  <testcase classname="za.ac.cput.AshDyani.repository.TestBookingRepository" name="testCreate" time="0.073"/>
  <testcase classname="za.ac.cput.AshDyani.repository.TestCustomerRepository" name="testCreate" time="0.052"/>
  <testcase classname="za.ac.cput.AshDyani.repository.TestDoctorRepository" name="testCreate" time="0.401"/>
  <testcase classname="za.ac.cput.AshDyani.repository.TestEmployeeRepository" name="testCreate" time="0.771"/>
  <testcase classname="za.ac.cput.AshDyani.repository.TestInvoiceRepository" name="testCreate" time="0.063"/>
  <testcase classname="za.ac.cput.AshDyani.repository.TestMedicationRepository" name="testCreate" time="0.076"/>
  <testcase classname="za.ac.cput.AshDyani.repository.TestPetRepository" name="testCreate" time="0.06"/>
  <testcase classname="za.ac.cput.AshDyani.repository.TestPrescriptionRepository" name="testCreate" time="0.051"/>
  <testcase classname="za.ac.cput.AshDyani.repository.TestPrescription_LineRepository" name="testCreate" time="0.072"/>
  <testcase classname="za.ac.cput.AshDyani.repository.TestServiceRepository" name="testCreate" time="0.072"/>
  <testcase classname="za.ac.cput.AshDyani.repository.TestBookingRepository" name="testRead" time="0.064"/>
  <testcase classname="za.ac.cput.AshDyani.repository.TestCustomerRepository" name="testRead" time="0.052"/>
  <testcase classname="za.ac.cput.AshDyani.repository.TestDoctorRepository" name="testRead" time="0.008"/>
  <testcase classname="za.ac.cput.AshDyani.repository.TestEmployeeRepository" name="testRead" time="0.029"/>
  <testcase classname="za.ac.cput.AshDyani.repository.TestInvoiceRepository" name="testRead" time="0.01"/>
  <testcase classname="za.ac.cput.AshDyani.repository.TestMedicationRepository" name="testRead" time="0.038"/>
  <testcase classname="za.ac.cput.AshDyani.repository.TestPetRepository" name="testRead" time="0.012"/>
  <testcase classname="za.ac.cput.AshDyani.repository.TestPrescriptionRepository" name="testRead" time="0.02"/>
  <testcase classname="za.ac.cput.AshDyani.repository.TestPrescription_LineRepository" name="testRead" time="0.017"/>
  <testcase classname="za.ac.cput.AshDyani.repository.TestServiceRepository" name="testRead" time="0.011"/>
  <testcase classname="za.ac.cput.AshDyani.repository.TestBookingRepository" name="testUpdate" time="0.023"/>
  <testcase classname="za.ac.cput.AshDyani.repository.TestCustomerRepository" name="testUpdate" time="0.049"/>
  <testcase classname="za.ac.cput.AshDyani.repository.TestDoctorRepository" name="testUpdate" time="0.014"/>
  <testcase classname="za.ac.cput.AshDyani.repository.TestEmployeeRepository" name="testUpdate" time="0.009"/>
  <testcase classname="za.ac.cput.AshDyani.repository.TestInvoiceRepository" name="testUpdate" time="0.009"/>
  <testcase classname="za.ac.cput.AshDyani.repository.TestMedicationRepository" name="testUpdate" time="0.041"/>
  <testcase classname="za.ac.cput.AshDyani.repository.TestPetRepository" name="testUpdate" time="0.007"/>
  <testcase classname="za.ac.cput.AshDyani.repository.TestPrescriptionRepository" name="testUpdate" time="0.013"/>
  <testcase classname="za.ac.cput.AshDyani.repository.TestPrescription_LineRepository" name="testUpdate" time="0.083"/>
  <testcase classname="za.ac.cput.AshDyani.repository.TestServiceRepository" name="testUpdate" time="0.02"/>
  <testcase classname="za.ac.cput.AshDyani.repository.TestBookingRepository" name="testDelete" time="0.149"/>
  <testcase classname="za.ac.cput.AshDyani.repository.TestCustomerRepository" name="testDelete" time="0.096"/>
  <testcase classname="za.ac.cput.AshDyani.repository.TestDoctorRepository" name="testDelete" time="0.064"/>
  <testcase classname="za.ac.cput.AshDyani.repository.TestEmployeeRepository" name="testDelete" time="0.09"/>
  <testcase classname="za.ac.cput.AshDyani.repository.TestInvoiceRepository" name="testDelete" time="0.088"/>
  <testcase classname="za.ac.cput.AshDyani.repository.TestMedicationRepository" name="testDelete" time="0.054"/>
  <testcase classname="za.ac.cput.AshDyani.repository.TestPetRepository" name="testDelete" time="0.089"/>
  <testcase classname="za.ac.cput.AshDyani.repository.TestPrescriptionRepository" name="testDelete" time="0.054"/>
  <testcase classname="za.ac.cput.AshDyani.repository.TestPrescription_LineRepository" name="testDelete" time="0.098"/>
  <testcase classname="za.ac.cput.AshDyani.repository.TestServiceRepository" name="testDelete" time="0.054"/>
  <testcase classname="za.ac.cput.AshDyani.AppTest" name="testApp on testApp" time="0.001"/>
</testsuite>